This file contains any messages produced by compilers while
running configure, to aid debugging if configure makes a mistake.

It was created by Helloworld configure 1.0, which was
generated by GNU Autoconf 2.69.  Invocation command line was

  $ ./configure 

## --------- ##
## Platform. ##
## --------- ##

hostname = ubuntu
uname -m = x86_64
uname -r = 5.4.0-51-generic
uname -s = Linux
uname -v = #56-Ubuntu SMP Mon Oct 5 14:28:49 UTC 2020

/usr/bin/uname -p = x86_64
/bin/uname -X     = unknown

/bin/arch              = x86_64
/usr/bin/arch -k       = unknown
/usr/convex/getsysinfo = unknown
/usr/bin/hostinfo      = unknown
/bin/machine           = unknown
/usr/bin/oslevel       = unknown
/bin/universe          = unknown

PATH: /home/xyx/Downloads/clion-2020.2/bin
PATH: /usr/local/sbin
PATH: /usr/local/bin
PATH: /usr/sbin
PATH: /usr/bin
PATH: /sbin
PATH: /bin
PATH: /usr/games
PATH: /usr/local/games
PATH: /snap/bin


## ----------- ##
## Core tests. ##
## ----------- ##

configure:2085: checking for a BSD-compatible install
configure:2153: result: /usr/bin/install -c
configure:2164: checking whether build environment is sane
configure:2219: result: yes
configure:2368: checking for a thread-safe mkdir -p
configure:2407: result: /usr/bin/mkdir -p
configure:2414: checking for gawk
configure:2444: result: no
configure:2414: checking for mawk
configure:2430: found /usr/bin/mawk
configure:2441: result: mawk
configure:2452: checking whether make sets $(MAKE)
configure:2474: result: yes
configure:2503: checking whether make supports nested variables
configure:2520: result: yes
configure:2703: checking for gcc
configure:2719: found /usr/bin/gcc
configure:2730: result: gcc
configure:2959: checking for C compiler version
configure:2968: gcc --version >&5
gcc (Ubuntu 9.3.0-17ubuntu1~20.04) 9.3.0
Copyright (C) 2019 Free Software Foundation, Inc.
This is free software; see the source for copying conditions.  There is NO
warranty; not even for MERCHANTABILITY or FITNESS FOR A PARTICULAR PURPOSE.

configure:2979: $? = 0
configure:2968: gcc -v >&5
Using built-in specs.
COLLECT_GCC=gcc
COLLECT_LTO_WRAPPER=/usr/lib/gcc/x86_64-linux-gnu/9/lto-wrapper
OFFLOAD_TARGET_NAMES=nvptx-none:hsa
OFFLOAD_TARGET_DEFAULT=1
Target: x86_64-linux-gnu
Configured with: ../src/configure -v --with-pkgversion='Ubuntu 9.3.0-17ubuntu1~20.04' --with-bugurl=file:///usr/share/doc/gcc-9/README.Bugs --enable-languages=c,ada,c++,go,brig,d,fortran,objc,obj-c++,gm2 --prefix=/usr --with-gcc-major-version-only --program-suffix=-9 --program-prefix=x86_64-linux-gnu- --enable-shared --enable-linker-build-id --libexecdir=/usr/lib --without-included-gettext --enable-threads=posix --libdir=/usr/lib --enable-nls --enable-clocale=gnu --enable-libstdcxx-debug --enable-libstdcxx-time=yes --with-default-libstdcxx-abi=new --enable-gnu-unique-object --disable-vtable-verify --enable-plugin --enable-default-pie --with-system-zlib --with-target-system-zlib=auto --enable-objc-gc=auto --enable-multiarch --disable-werror --with-arch-32=i686 --with-abi=m64 --with-multilib-list=m32,m64,mx32 --enable-multilib --with-tune=generic --enable-offload-targets=nvptx-none=/build/gcc-9-HskZEa/gcc-9-9.3.0/debian/tmp-nvptx/usr,hsa --without-cuda-driver --enable-checking=release --build=x86_64-linux-gnu --host=x86_64-linux-gnu --target=x86_64-linux-gnu
Thread model: posix
gcc version 9.3.0 (Ubuntu 9.3.0-17ubuntu1~20.04) 
configure:2979: $? = 0
configure:2968: gcc -V >&5
gcc: error: unrecognized command line option '-V'
gcc: fatal error: no input files
compilation terminated.
configure:2979: $? = 1
configure:2968: gcc -qversion >&5
gcc: error: unrecognized command line option '-qversion'; did you mean '--version'?
gcc: fatal error: no input files
compilation terminated.
configure:2979: $? = 1
configure:2999: checking whether the C compiler works
configure:3021: gcc    conftest.c  >&5
configure:3025: $? = 0
configure:3073: result: yes
configure:3076: checking for C compiler default output file name
configure:3078: result: a.out
configure:3084: checking for suffix of executables
configure:3091: gcc -o conftest    conftest.c  >&5
configure:3095: $? = 0
configure:3117: result: 
configure:3139: checking whether we are cross compiling
configure:3147: gcc -o conftest    conftest.c  >&5
configure:3151: $? = 0
configure:3158: ./conftest
configure:3162: $? = 0
configure:3150: result: no
configure:3155: checking for suffix of object files
configure:3177: gcc -c   conftest.c >&5
configure:3181: $? = 0
configure:3202: result: o
configure:3206: checking whether we are using the GNU C compiler
configure:3225: gcc -c   conftest.c >&5
configure:3225: $? = 0
configure:3234: result: yes
configure:3243: checking whether gcc accepts -g
configure:3263: gcc -c -g  conftest.c >&5
configure:3263: $? = 0
configure:3304: result: yes
configure:3321: checking for gcc option to accept ISO C89
configure:3384: gcc  -c -g -O2  conftest.c >&5
configure:3384: $? = 0
configure:3397: result: none needed
configure:3422: checking whether gcc understands -c and -o together
configure:3444: gcc -c conftest.c -o conftest2.o
configure:3447: $? = 0
configure:3444: gcc -c conftest.c -o conftest2.o
configure:3447: $? = 0
configure:3459: result: yes
configure:3479: checking whether make supports the include directive
configure:3494: make -f confmf.GNU && cat confinc.out
this is the am__doit target
configure:3497: $? = 0
configure:3516: result: yes (GNU style)
configure:3541: checking dependency style of gcc
configure:3652: result: gcc3
configure:3677: checking how to run the C preprocessor
configure:3708: gcc -E  conftest.c
configure:3708: $? = 0
configure:3722: gcc -E  conftest.c
conftest.c:11:10: fatal error: ac_nonexistent.h: No such file or directory
   11 | #include <ac_nonexistent.h>
      |          ^~~~~~~~~~~~~~~~~~
compilation terminated.
configure:3722: $? = 1
configure: failed program was:
| /* confdefs.h */
| #define PACKAGE_NAME "Helloworld"
| #define PACKAGE_TARNAME "helloworld"
| #define PACKAGE_VERSION "1.0"
| #define PACKAGE_STRING "Helloworld 1.0"
| #define PACKAGE_BUGREPORT "BUG-REPORT-ADDRESS"
| #define PACKAGE_URL ""
| #define PACKAGE "helloworld"
| #define VERSION "1.0"
| /* end confdefs.h.  */
| #include <ac_nonexistent.h>
configure:3747: result: gcc -E
configure:3767: gcc -E  conftest.c
configure:3767: $? = 0
configure:3781: gcc -E  conftest.c
conftest.c:11:10: fatal error: ac_nonexistent.h: No such file or directory
   11 | #include <ac_nonexistent.h>
      |          ^~~~~~~~~~~~~~~~~~
compilation terminated.
configure:3781: $? = 1
configure: failed program was:
| /* confdefs.h */
| #define PACKAGE_NAME "Helloworld"
| #define PACKAGE_TARNAME "helloworld"
| #define PACKAGE_VERSION "1.0"
| #define PACKAGE_STRING "Helloworld 1.0"
| #define PACKAGE_BUGREPORT "BUG-REPORT-ADDRESS"
| #define PACKAGE_URL ""
| #define PACKAGE "helloworld"
| #define VERSION "1.0"
| /* end confdefs.h.  */
| #include <ac_nonexistent.h>
configure:3810: checking for grep that handles long lines and -e
configure:3868: result: /usr/bin/grep
configure:3873: checking for egrep
configure:3935: result: /usr/bin/grep -E
configure:3940: checking for ANSI C header files
configure:3960: gcc -c -g -O2  conftest.c >&5
configure:3960: $? = 0
configure:4033: gcc -o conftest -g -O2   conftest.c  >&5
configure:4033: $? = 0
configure:4033: ./conftest
configure:4033: $? = 0
configure:4044: result: yes
configure:4057: checking for sys/types.h
configure:4057: gcc -c -g -O2  conftest.c >&5
configure:4057: $? = 0
configure:4057: result: yes
configure:4057: checking for sys/stat.h
configure:4057: gcc -c -g -O2  conftest.c >&5
configure:4057: $? = 0
configure:4057: result: yes
configure:4057: checking for stdlib.h
configure:4057: gcc -c -g -O2  conftest.c >&5
configure:4057: $? = 0
configure:4057: result: yes
configure:4057: checking for string.h
configure:4057: gcc -c -g -O2  conftest.c >&5
configure:4057: $? = 0
configure:4057: result: yes
configure:4057: checking for memory.h
configure:4057: gcc -c -g -O2  conftest.c >&5
configure:4057: $? = 0
configure:4057: result: yes
configure:4057: checking for strings.h
configure:4057: gcc -c -g -O2  conftest.c >&5
configure:4057: $? = 0
configure:4057: result: yes
configure:4057: checking for inttypes.h
configure:4057: gcc -c -g -O2  conftest.c >&5
configure:4057: $? = 0
configure:4057: result: yes
configure:4057: checking for stdint.h
configure:4057: gcc -c -g -O2  conftest.c >&5
configure:4057: $? = 0
configure:4057: result: yes
configure:4057: checking for unistd.h
configure:4057: gcc -c -g -O2  conftest.c >&5
configure:4057: $? = 0
configure:4057: result: yes
configure:4072: checking for stdlib.h
configure:4072: result: yes
configure:4072: checking for string.h
configure:4072: result: yes
configure:4072: checking for unistd.h
configure:4072: result: yes
configure:4190: checking that generated files are newer than configure
configure:4196: result: done
configure:4219: creating ./config.status

## ---------------------- ##
## Running config.status. ##
## ---------------------- ##

This file was extended by Helloworld config.status 1.0, which was
generated by GNU Autoconf 2.69.  Invocation command line was

  CONFIG_FILES    = 
  CONFIG_HEADERS  = 
  CONFIG_LINKS    = 
  CONFIG_COMMANDS = 
  $ ./config.status 

on ubuntu

config.status:852: creating Makefile
config.status:852: creating config.h
config.status:1081: executing depfiles commands
config.status:1158: cd .       && sed -e '/# am--include-marker/d' Makefile         | make -f - am--depfiles
config.status:1163: $? = 0

## ---------------- ##
## Cache variables. ##
## ---------------- ##

ac_cv_c_compiler_gnu=yes
ac_cv_env_CC_set=
ac_cv_env_CC_value=
ac_cv_env_CFLAGS_set=
ac_cv_env_CFLAGS_value=
ac_cv_env_CPPFLAGS_set=
ac_cv_env_CPPFLAGS_value=
ac_cv_env_CPP_set=
ac_cv_env_CPP_value=
ac_cv_env_LDFLAGS_set=
ac_cv_env_LDFLAGS_value=
ac_cv_env_LIBS_set=
ac_cv_env_LIBS_value=
ac_cv_env_build_alias_set=
ac_cv_env_build_alias_value=
ac_cv_env_host_alias_set=
ac_cv_env_host_alias_value=
ac_cv_env_target_alias_set=
ac_cv_env_target_alias_value=
ac_cv_header_inttypes_h=yes
ac_cv_header_memory_h=yes
ac_cv_header_stdc=yes
ac_cv_header_stdint_h=yes
ac_cv_header_stdlib_h=yes
ac_cv_header_string_h=yes
ac_cv_header_strings_h=yes
ac_cv_header_sys_stat_h=yes
ac_cv_header_sys_types_h=yes
ac_cv_header_unistd_h=yes
ac_cv_objext=o
ac_cv_path_EGREP='/usr/bin/grep -E'
ac_cv_path_GREP=/usr/bin/grep
ac_cv_path_install='/usr/bin/install -c'
ac_cv_path_mkdir=/usr/bin/mkdir
ac_cv_prog_AWK=mawk
ac_cv_prog_CPP='gcc -E'
ac_cv_prog_ac_ct_CC=gcc
ac_cv_prog_cc_c89=
ac_cv_prog_cc_g=yes
ac_cv_prog_make_make_set=yes
am_cv_CC_dependencies_compiler_type=gcc3
am_cv_make_support_nested_variables=yes
am_cv_prog_cc_c_o=yes

## ----------------- ##
## Output variables. ##
## ----------------- ##

ACLOCAL='${SHELL} /home/xyx/Documents/SourceCode/maketest/justfile/missing aclocal-1.16'
AMDEPBACKSLASH='\'
AMDEP_FALSE='#'
AMDEP_TRUE=''
AMTAR='$${TAR-tar}'
AM_BACKSLASH='\'
AM_DEFAULT_V='$(AM_DEFAULT_VERBOSITY)'
AM_DEFAULT_VERBOSITY='1'
AM_V='$(V)'
AUTOCONF='${SHELL} /home/xyx/Documents/SourceCode/maketest/justfile/missing autoconf'
AUTOHEADER='${SHELL} /home/xyx/Documents/SourceCode/maketest/justfile/missing autoheader'
AUTOMAKE='${SHELL} /home/xyx/Documents/SourceCode/maketest/justfile/missing automake-1.16'
AWK='mawk'
CC='gcc'
CCDEPMODE='depmode=gcc3'
CFLAGS='-g -O2'
CPP='gcc -E'
CPPFLAGS=''
CYGPATH_W='echo'
DEFS='-DHAVE_CONFIG_H'
DEPDIR='.deps'
ECHO_C=''
ECHO_N='-n'
ECHO_T=''
EGREP='/usr/bin/grep -E'
EXEEXT=''
GREP='/usr/bin/grep'
INSTALL_DATA='${INSTALL} -m 644'
INSTALL_PROGRAM='${INSTALL}'
INSTALL_SCRIPT='${INSTALL}'
INSTALL_STRIP_PROGRAM='$(install_sh) -c -s'
LDFLAGS=''
LIBOBJS=''
LIBS=''
LTLIBOBJS=''
MAKEINFO='${SHELL} /home/xyx/Documents/SourceCode/maketest/justfile/missing makeinfo'
MKDIR_P='/usr/bin/mkdir -p'
OBJEXT='o'
PACKAGE='helloworld'
PACKAGE_BUGREPORT='BUG-REPORT-ADDRESS'
PACKAGE_NAME='Helloworld'
PACKAGE_STRING='Helloworld 1.0'
PACKAGE_TARNAME='helloworld'
PACKAGE_URL=''
PACKAGE_VERSION='1.0'
PATH_SEPARATOR=':'
SET_MAKE=''
SHELL='/bin/bash'
STRIP=''
VERSION='1.0'
ac_ct_CC='gcc'
am__EXEEXT_FALSE=''
am__EXEEXT_TRUE='#'
am__fastdepCC_FALSE='#'
am__fastdepCC_TRUE=''
am__include='include'
am__isrc=''
am__leading_dot='.'
am__nodep='_no'
am__quote=''
am__tar='$${TAR-tar} chof - "$$tardir"'
am__untar='$${TAR-tar} xf -'
bindir='${exec_prefix}/bin'
build_alias=''
datadir='${datarootdir}'
datarootdir='${prefix}/share'
docdir='${datarootdir}/doc/${PACKAGE_TARNAME}'
dvidir='${docdir}'
exec_prefix='${prefix}'
host_alias=''
htmldir='${docdir}'
includedir='${prefix}/include'
infodir='${datarootdir}/info'
install_sh='${SHELL} /home/xyx/Documents/SourceCode/maketest/justfile/install-sh'
libdir='${exec_prefix}/lib'
libexecdir='${exec_prefix}/libexec'
localedir='${datarootdir}/locale'
localstatedir='${prefix}/var'
mandir='${datarootdir}/man'
mkdir_p='$(MKDIR_P)'
oldincludedir='/usr/include'
pdfdir='${docdir}'
prefix='/usr/local'
program_transform_name='s,x,x,'
psdir='${docdir}'
runstatedir='${localstatedir}/run'
sbindir='${exec_prefix}/sbin'
sharedstatedir='${prefix}/com'
sysconfdir='${prefix}/etc'
target_alias=''

## ----------- ##
## confdefs.h. ##
## ----------- ##

/* confdefs.h */
#define PACKAGE_NAME "Helloworld"
#define PACKAGE_TARNAME "helloworld"
#define PACKAGE_VERSION "1.0"
#define PACKAGE_STRING "Helloworld 1.0"
#define PACKAGE_BUGREPORT "BUG-REPORT-ADDRESS"
#define PACKAGE_URL ""
#define PACKAGE "helloworld"
#define VERSION "1.0"
#define STDC_HEADERS 1
#define HAVE_SYS_TYPES_H 1
#define HAVE_SYS_STAT_H 1
#define HAVE_STDLIB_H 1
#define HAVE_STRING_H 1
#define HAVE_MEMORY_H 1
#define HAVE_STRINGS_H 1
#define HAVE_INTTYPES_H 1
#define HAVE_STDINT_H 1
#define HAVE_UNISTD_H 1
#define HAVE_STDLIB_H 1
#define HAVE_STRING_H 1
#define HAVE_UNISTD_H 1

configure: exit 0

## ---------------------- ##
## Running config.status. ##
## ---------------------- ##

This file was extended by Helloworld config.status 1.0, which was
generated by GNU Autoconf 2.69.  Invocation command line was

  CONFIG_FILES    = 
  CONFIG_HEADERS  = 
  CONFIG_LINKS    = 
  CONFIG_COMMANDS = 
  $ ./config.status config.h

on ubuntu

config.status:852: creating config.h
